<?xml version="1.0" encoding="UTF-8"?>
<!-- Generated by org.testng.reporters.JUnitReportReporter -->
<testsuite hostname="DESKTOP-ILBLPA2" name="com.menneni.MortgageTests" tests="1" failures="0" timestamp="17 May 2020 00:09:13 GMT" time="0.010" errors="0">
  <testcase name="HomeMortgageTest" time="0.010" classname="com.menneni.MortgageTests"/>
</testsuite> <!-- com.menneni.MortgageTests -->
